Log file open, 01/29/21 14:36:11
LogWindows: Failed to load 'aqProf.dll' (GetLastError=126)
LogWindows: File 'aqProf.dll' does not exist
LogWindows: Failed to load 'VtuneApi.dll' (GetLastError=126)
LogWindows: File 'VtuneApi.dll' does not exist
LogWindows: Failed to load 'VtuneApi32e.dll' (GetLastError=126)
LogWindows: File 'VtuneApi32e.dll' does not exist
LogConsoleResponse: Display: Failed to find resolution value strings in scalability ini. Falling back to default.
LogInit: Display: Running engine for game: Lostfound
LogPlatformFile: Not using cached read wrapper
LogTaskGraph: Started task graph with 5 named threads and 35 total threads with 3 sets of task threads.
LogStats: Stats thread started at 0.445137
LogD3D11RHI: Loaded GFSDK_Aftermath_Lib.x64.dll
LogICUInternationalization: ICU TimeZone Detection - Raw Offset: +2:00, Platform Override: ''
LogPluginManager: Mounting plugin Paper2D
LogPluginManager: Mounting plugin AISupport
LogPluginManager: Mounting plugin LightPropagationVolume
LogPluginManager: Mounting plugin ActorLayerUtilities
LogPluginManager: Mounting plugin AnimationSharing
LogPluginManager: Mounting plugin CLionSourceCodeAccess
LogPluginManager: Mounting plugin CodeLiteSourceCodeAccess
LogPluginManager: Mounting plugin GitSourceControl
LogPluginManager: Mounting plugin KDevelopSourceCodeAccess
LogPluginManager: Mounting plugin NullSourceCodeAccess
LogPluginManager: Mounting plugin PerforceSourceControl
LogPluginManager: Mounting plugin SubversionSourceControl
LogPluginManager: Mounting plugin UObjectPlugin
LogPluginManager: Mounting plugin VisualStudioCodeSourceCodeAccess
LogPluginManager: Mounting plugin VisualStudioSourceCodeAccess
LogPluginManager: Mounting plugin XCodeSourceCodeAccess
LogPluginManager: Mounting plugin AssetManagerEditor
LogPluginManager: Mounting plugin CryptoKeys
LogPluginManager: Mounting plugin CurveEditorTools
LogPluginManager: Mounting plugin DataValidation
LogPluginManager: Mounting plugin FacialAnimation
LogPluginManager: Mounting plugin GameplayTagsEditor
LogPluginManager: Mounting plugin MacGraphicsSwitching
LogPluginManager: Mounting plugin MaterialAnalyzer
LogPluginManager: Mounting plugin MobileLauncherProfileWizard
LogPluginManager: Mounting plugin PluginBrowser
LogPluginManager: Mounting plugin SpeedTreeImporter
LogPluginManager: Mounting plugin DatasmithContent
LogPluginManager: Mounting plugin VariantManagerContent
LogPluginManager: Mounting plugin AlembicImporter
LogPluginManager: Mounting plugin AutomationUtils
LogPluginManager: Mounting plugin BackChannel
LogPluginManager: Mounting plugin CharacterAI
LogPluginManager: Mounting plugin GeometryCache
LogPluginManager: Mounting plugin HTML5Networking
LogPluginManager: Mounting plugin PlatformCrypto
LogPluginManager: Mounting plugin ProxyLODPlugin
LogPluginManager: Mounting plugin SkeletalReduction
LogPluginManager: Mounting plugin MagicLeap
LogPluginManager: Mounting plugin MagicLeapMedia
LogPluginManager: Mounting plugin AndroidMedia
LogPluginManager: Mounting plugin AvfMedia
LogPluginManager: Mounting plugin ImgMedia
LogPluginManager: Mounting plugin MediaCompositing
LogPluginManager: Mounting plugin MediaPlayerEditor
LogPluginManager: Mounting plugin WebMMedia
LogPluginManager: Mounting plugin WmfMedia
LogPluginManager: Mounting plugin TcpMessaging
LogPluginManager: Mounting plugin UdpMessaging
LogPluginManager: Mounting plugin ActorSequence
LogPluginManager: Mounting plugin LevelSequenceEditor
LogPluginManager: Mounting plugin MatineeToLevelSequence
LogPluginManager: Mounting plugin NetcodeUnitTest
LogPluginManager: Mounting plugin NUTUnrealEngine4
LogPluginManager: Mounting plugin OnlineSubsystemGooglePlay
LogPluginManager: Mounting plugin OnlineSubsystemIOS
LogPluginManager: Mounting plugin OnlineSubsystem
LogPluginManager: Mounting plugin OnlineSubsystemNull
LogPluginManager: Mounting plugin OnlineSubsystemUtils
LogPluginManager: Mounting plugin LauncherChunkInstaller
LogPluginManager: Mounting plugin AndroidDeviceProfileSelector
LogPluginManager: Mounting plugin AndroidMoviePlayer
LogPluginManager: Mounting plugin AndroidPermission
LogPluginManager: Mounting plugin AppleImageUtils
LogPluginManager: Mounting plugin AppleMoviePlayer
LogPluginManager: Mounting plugin ArchVisCharacter
LogPluginManager: Mounting plugin AudioCapture
LogPluginManager: Mounting plugin CableComponent
LogPluginManager: Mounting plugin CustomMeshComponent
LogPluginManager: Mounting plugin EditableMesh
LogPluginManager: Mounting plugin ExampleDeviceProfileSelector
LogPluginManager: Mounting plugin GoogleCloudMessaging
LogPluginManager: Mounting plugin IOSDeviceProfileSelector
LogPluginManager: Mounting plugin LinuxDeviceProfileSelector
LogPluginManager: Mounting plugin LocationServicesBPLibrary
LogPluginManager: Mounting plugin MobilePatchingUtils
LogPluginManager: Mounting plugin OculusVR
LogPluginManager: Mounting plugin PhysXVehicles
LogPluginManager: Mounting plugin ProceduralMeshComponent
LogPluginManager: Mounting plugin RuntimePhysXCooking
LogPluginManager: Mounting plugin SignificanceManager
LogPluginManager: Mounting plugin SteamVR
LogPluginManager: Mounting plugin WebMMoviePlayer
LogPluginManager: Mounting plugin WindowsMoviePlayer
LogPluginManager: Mounting plugin ScreenshotTools
LogInit: Using libcurl 7.55.1-DEV
LogInit:  - built for x86_64-pc-win32
LogInit:  - supports SSL with OpenSSL/1.1.1
LogInit:  - supports HTTP deflate (compression) using libz 1.2.8
LogInit:  - other features:
LogInit:      CURL_VERSION_SSL
LogInit:      CURL_VERSION_LIBZ
LogInit:      CURL_VERSION_IPV6
LogInit:      CURL_VERSION_ASYNCHDNS
LogInit:      CURL_VERSION_LARGEFILE
LogInit:      CURL_VERSION_IDN
LogInit:  CurlRequestOptions (configurable via config and command line):
LogInit:  - bVerifyPeer = true  - Libcurl will verify peer certificate
LogInit:  - bUseHttpProxy = false  - Libcurl will NOT use HTTP proxy
LogInit:  - bDontReuseConnections = false  - Libcurl will reuse connections
LogInit:  - MaxHostConnections = 16  - Libcurl will limit the number of connections to a host
LogInit:  - LocalHostAddr = Default
LogInit:  - BufferSize = 65536
LogOnline: OSS: Creating online subsystem instance for: NULL
LogInit: WinSock: version 1.1 (2.2), MaxSocks=32767, MaxUdp=65467
LogHMD: Failed initializing OVRPlugin 1.37.0
LogInit: Build: ++UE4+Release-4.23-CL-9631420
LogInit: Engine Version: 4.23.1-9631420+++UE4+Release-4.23
LogInit: Compatible Engine Version: 4.23.0-8386587+++UE4+Release-4.23
LogInit: Net CL: 8386587
LogInit: OS: Windows 10 (Release 1909) (), CPU: AMD Ryzen 5 1600 Six-Core Processor            , GPU: NVIDIA GeForce GTX 1050 Ti
LogInit: Compiled (64-bit): Oct 18 2019 02:07:44
LogInit: Compiled with Visual C++: 19.16.27030.01
LogInit: Build Configuration: Development
LogInit: Branch Name: ++UE4+Release-4.23
LogInit: Command Line: 
LogInit: Base Directory: C:/Program Files/Epic Games/UE_4.23/Engine/Binaries/Win64/
LogInit: Installed Engine Build: 1
LogDevObjectVersion: Number of dev versions registered: 23
LogDevObjectVersion:   Dev-Blueprints (B0D832E4-1F89-4F0D-ACCF-7EB736FD4AA2): 10
LogDevObjectVersion:   Dev-Build (E1C64328-A22C-4D53-A36C-8E866417BD8C): 0
LogDevObjectVersion:   Dev-Core (375EC13C-06E4-48FB-B500-84F0262A717E): 3
LogDevObjectVersion:   Dev-Editor (E4B068ED-F494-42E9-A231-DA0B2E46BB41): 34
LogDevObjectVersion:   Dev-Framework (CFFC743F-43B0-4480-9391-14DF171D2073): 35
LogDevObjectVersion:   Dev-Mobile (B02B49B5-BB20-44E9-A304-32B752E40360): 2
LogDevObjectVersion:   Dev-Networking (A4E4105C-59A1-49B5-A7C5-40C4547EDFEE): 0
LogDevObjectVersion:   Dev-Online (39C831C9-5AE6-47DC-9A44-9C173E1C8E7C): 0
LogDevObjectVersion:   Dev-Physics (78F01B33-EBEA-4F98-B9B4-84EACCB95AA2): 0
LogDevObjectVersion:   Dev-Platform (6631380F-2D4D-43E0-8009-CF276956A95A): 0
LogDevObjectVersion:   Dev-Rendering (12F88B9F-8875-4AFC-A67C-D90C383ABD29): 31
LogDevObjectVersion:   Dev-Sequencer (7B5AE74C-D270-4C10-A958-57980B212A5A): 11
LogDevObjectVersion:   Dev-VR (D7296918-1DD6-4BDD-9DE2-64A83CC13884): 2
LogDevObjectVersion:   Dev-LoadTimes (C2A15278-BFE7-4AFE-6C17-90FF531DF755): 1
LogDevObjectVersion:   Private-Geometry (6EACA3D4-40EC-4CC1-B786-8BED09428FC5): 3
LogDevObjectVersion:   Dev-AnimPhys (29E575DD-E0A3-4627-9D10-D276232CDCEA): 17
LogDevObjectVersion:   Dev-Anim (AF43A65D-7FD3-4947-9873-3E8ED9C1BB05): 2
LogDevObjectVersion:   Dev-ReflectionCapture (6B266CEC-1EC7-4B8F-A30B-E4D90942FC07): 1
LogDevObjectVersion:   Dev-Automation (0DF73D61-A23F-47EA-B727-89E90C41499A): 1
LogDevObjectVersion:   FortniteMain (601D1886-AC64-4F84-AA16-D3DE0DEAC7D6): 27
LogDevObjectVersion:   Dev-Enterprise (9DFFBCD6-494F-0158-E221-12823C92A888): 6
LogDevObjectVersion:   Dev-Niagara (F2AED0AC-9AFE-416F-8664-AA7FFA26D6FC): 1
LogDevObjectVersion:   Dev-Destruction (174F1F0B-B4C6-45A5-B13F-2EE8D0FB917D): 9
LogInit: Presizing for max 16777216 objects, including 0 objects not considered by GC, pre-allocating 0 bytes for permanent pool.
LogInit: Object subsystem initialized
LogConfig: Setting CVar [[con.DebugEarlyDefault:1]]
LogConfig: Setting CVar [[r.setres:1280x720]]
[2021.01.29-12.36.12:667][  0]LogConfig: Setting CVar [[r.VSync:0]]
[2021.01.29-12.36.12:667][  0]LogConfig: Setting CVar [[r.RHICmdBypass:0]]
[2021.01.29-12.36.12:667][  0]LogConfig: Applying CVar settings from Section [/Script/Engine.RendererSettings] File [A:/LostAndFound/Lostfound/Saved/Config/Windows/Engine.ini]
[2021.01.29-12.36.12:667][  0]LogConfig: Setting CVar [[r.GPUCrashDebugging:0]]
[2021.01.29-12.36.12:667][  0]LogConfig: Setting CVar [[r.DefaultFeature.AutoExposure.ExtendDefaultLuminanceRange:1]]
[2021.01.29-12.36.12:667][  0]LogConfig: Applying CVar settings from Section [/Script/Engine.RendererOverrideSettings] File [A:/LostAndFound/Lostfound/Saved/Config/Windows/Engine.ini]
[2021.01.29-12.36.12:667][  0]LogConfig: Applying CVar settings from Section [/Script/Engine.StreamingSettings] File [A:/LostAndFound/Lostfound/Saved/Config/Windows/Engine.ini]
[2021.01.29-12.36.12:667][  0]LogConfig: Setting CVar [[s.MinBulkDataSizeForAsyncLoading:131072]]
[2021.01.29-12.36.12:667][  0]LogConfig: Setting CVar [[s.AsyncLoadingThreadEnabled:0]]
[2021.01.29-12.36.12:667][  0]LogConfig: Setting CVar [[s.EventDrivenLoaderEnabled:1]]
[2021.01.29-12.36.12:667][  0]LogConfig: Setting CVar [[s.WarnIfTimeLimitExceeded:0]]
[2021.01.29-12.36.12:667][  0]LogConfig: Setting CVar [[s.TimeLimitExceededMultiplier:1.5]]
[2021.01.29-12.36.12:667][  0]LogConfig: Setting CVar [[s.TimeLimitExceededMinTime:0.005]]
[2021.01.29-12.36.12:667][  0]LogConfig: Setting CVar [[s.UseBackgroundLevelStreaming:1]]
[2021.01.29-12.36.12:667][  0]LogConfig: Setting CVar [[s.PriorityAsyncLoadingExtraTime:15.0]]
[2021.01.29-12.36.12:667][  0]LogConfig: Setting CVar [[s.LevelStreamingActorsUpdateTimeLimit:5.0]]
[2021.01.29-12.36.12:667][  0]LogConfig: Setting CVar [[s.PriorityLevelStreamingActorsUpdateExtraTime:5.0]]
[2021.01.29-12.36.12:667][  0]LogConfig: Setting CVar [[s.LevelStreamingComponentsRegistrationGranularity:10]]
[2021.01.29-12.36.12:667][  0]LogConfig: Setting CVar [[s.UnregisterComponentsTimeLimit:1.0]]
[2021.01.29-12.36.12:667][  0]LogConfig: Setting CVar [[s.LevelStreamingComponentsUnregistrationGranularity:5]]
[2021.01.29-12.36.12:668][  0]LogConfig: Applying CVar settings from Section [/Script/Engine.GarbageCollectionSettings] File [A:/LostAndFound/Lostfound/Saved/Config/Windows/Engine.ini]
[2021.01.29-12.36.12:668][  0]LogConfig: Setting CVar [[gc.MaxObjectsNotConsideredByGC:1]]
[2021.01.29-12.36.12:668][  0]LogConfig: Setting CVar [[gc.SizeOfPermanentObjectPool:0]]
[2021.01.29-12.36.12:668][  0]LogConfig: Setting CVar [[gc.FlushStreamingOnGC:0]]
[2021.01.29-12.36.12:668][  0]LogConfig: Setting CVar [[gc.NumRetriesBeforeForcingGC:10]]
[2021.01.29-12.36.12:668][  0]LogConfig: Setting CVar [[gc.AllowParallelGC:1]]
[2021.01.29-12.36.12:668][  0]LogConfig: Setting CVar [[gc.TimeBetweenPurgingPendingKillObjects:61.1]]
[2021.01.29-12.36.12:668][  0]LogConfig: Setting CVar [[gc.MaxObjectsInEditor:16777216]]
[2021.01.29-12.36.12:668][  0]LogConfig: Setting CVar [[gc.IncrementalBeginDestroyEnabled:1]]
[2021.01.29-12.36.12:668][  0]LogConfig: Setting CVar [[gc.CreateGCClusters:1]]
[2021.01.29-12.36.12:668][  0]LogConfig: Setting CVar [[gc.MinGCClusterSize:5]]
[2021.01.29-12.36.12:668][  0]LogConfig: Setting CVar [[gc.ActorClusteringEnabled:0]]
[2021.01.29-12.36.12:668][  0]LogConfig: Setting CVar [[gc.BlueprintClusteringEnabled:0]]
[2021.01.29-12.36.12:668][  0]LogConfig: Setting CVar [[gc.UseDisregardForGCOnDedicatedServers:0]]
[2021.01.29-12.36.12:668][  0]LogConfig: Applying CVar settings from Section [/Script/Engine.NetworkSettings] File [A:/LostAndFound/Lostfound/Saved/Config/Windows/Engine.ini]
[2021.01.29-12.36.12:668][  0]LogConfig: Applying CVar settings from Section [/Script/UnrealEd.CookerSettings] File [A:/LostAndFound/Lostfound/Saved/Config/Windows/Engine.ini]
[2021.01.29-12.36.12:672][  0]LogConfig: Applying CVar settings from Section [ViewDistanceQuality@3] File [A:/LostAndFound/Lostfound/Saved/Config/Windows/Scalability.ini]
[2021.01.29-12.36.12:672][  0]LogConfig: Setting CVar [[r.SkeletalMeshLODBias:0]]
[2021.01.29-12.36.12:672][  0]LogConfig: Setting CVar [[r.ViewDistanceScale:1.0]]
[2021.01.29-12.36.12:672][  0]LogConfig: Applying CVar settings from Section [AntiAliasingQuality@3] File [A:/LostAndFound/Lostfound/Saved/Config/Windows/Scalability.ini]
[2021.01.29-12.36.12:672][  0]LogConfig: Setting CVar [[r.PostProcessAAQuality:4]]
[2021.01.29-12.36.12:672][  0]LogConfig: Applying CVar settings from Section [ShadowQuality@3] File [A:/LostAndFound/Lostfound/Saved/Config/Windows/Scalability.ini]
[2021.01.29-12.36.12:672][  0]LogConfig: Setting CVar [[r.LightFunctionQuality:1]]
[2021.01.29-12.36.12:672][  0]LogConfig: Setting CVar [[r.ShadowQuality:5]]
[2021.01.29-12.36.12:672][  0]LogConfig: Setting CVar [[r.Shadow.CSM.MaxCascades:10]]
[2021.01.29-12.36.12:672][  0]LogConfig: Setting CVar [[r.Shadow.MaxResolution:2048]]
[2021.01.29-12.36.12:672][  0]LogConfig: Setting CVar [[r.Shadow.MaxCSMResolution:2048]]
[2021.01.29-12.36.12:672][  0]LogConfig: Setting CVar [[r.Shadow.RadiusThreshold:0.01]]
[2021.01.29-12.36.12:672][  0]LogConfig: Setting CVar [[r.Shadow.DistanceScale:1.0]]
[2021.01.29-12.36.12:672][  0]LogConfig: Setting CVar [[r.Shadow.CSM.TransitionScale:1.0]]
[2021.01.29-12.36.12:672][  0]LogConfig: Setting CVar [[r.Shadow.PreShadowResolutionFactor:1.0]]
[2021.01.29-12.36.12:672][  0]LogConfig: Setting CVar [[r.DistanceFieldShadowing:1]]
[2021.01.29-12.36.12:672][  0]LogConfig: Setting CVar [[r.DistanceFieldAO:1]]
[2021.01.29-12.36.12:673][  0]LogConfig: Setting CVar [[r.AOQuality:2]]
[2021.01.29-12.36.12:673][  0]LogConfig: Setting CVar [[r.VolumetricFog:1]]
[2021.01.29-12.36.12:673][  0]LogConfig: Setting CVar [[r.VolumetricFog.GridPixelSize:8]]
[2021.01.29-12.36.12:673][  0]LogConfig: Setting CVar [[r.VolumetricFog.GridSizeZ:128]]
[2021.01.29-12.36.12:673][  0]LogConfig: Setting CVar [[r.VolumetricFog.HistoryMissSupersampleCount:4]]
[2021.01.29-12.36.12:673][  0]LogConfig: Setting CVar [[r.LightMaxDrawDistanceScale:1]]
[2021.01.29-12.36.12:673][  0]LogConfig: Setting CVar [[r.CapsuleShadows:1]]
[2021.01.29-12.36.12:673][  0]LogConfig: Applying CVar settings from Section [PostProcessQuality@3] File [A:/LostAndFound/Lostfound/Saved/Config/Windows/Scalability.ini]
[2021.01.29-12.36.12:673][  0]LogConfig: Setting CVar [[r.MotionBlurQuality:4]]
[2021.01.29-12.36.12:673][  0]LogConfig: Setting CVar [[r.AmbientOcclusionMipLevelFactor:0.4]]
[2021.01.29-12.36.12:673][  0]LogConfig: Setting CVar [[r.AmbientOcclusionMaxQuality:100]]
[2021.01.29-12.36.12:673][  0]LogConfig: Setting CVar [[r.AmbientOcclusionLevels:-1]]
[2021.01.29-12.36.12:673][  0]LogConfig: Setting CVar [[r.AmbientOcclusionRadiusScale:1.0]]
[2021.01.29-12.36.12:673][  0]LogConfig: Setting CVar [[r.DepthOfFieldQuality:2]]
[2021.01.29-12.36.12:673][  0]LogConfig: Setting CVar [[r.RenderTargetPoolMin:400]]
[2021.01.29-12.36.12:673][  0]LogConfig: Setting CVar [[r.LensFlareQuality:2]]
[2021.01.29-12.36.12:673][  0]LogConfig: Setting CVar [[r.SceneColorFringeQuality:1]]
[2021.01.29-12.36.12:673][  0]LogConfig: Setting CVar [[r.EyeAdaptationQuality:2]]
[2021.01.29-12.36.12:673][  0]LogConfig: Setting CVar [[r.BloomQuality:5]]
[2021.01.29-12.36.12:673][  0]LogConfig: Setting CVar [[r.FastBlurThreshold:100]]
[2021.01.29-12.36.12:673][  0]LogConfig: Setting CVar [[r.Upscale.Quality:3]]
[2021.01.29-12.36.12:673][  0]LogConfig: Setting CVar [[r.Tonemapper.GrainQuantization:1]]
[2021.01.29-12.36.12:673][  0]LogConfig: Setting CVar [[r.LightShaftQuality:1]]
[2021.01.29-12.36.12:673][  0]LogConfig: Setting CVar [[r.Filter.SizeScale:1]]
[2021.01.29-12.36.12:673][  0]LogConfig: Setting CVar [[r.Tonemapper.Quality:5]]
[2021.01.29-12.36.12:673][  0]LogConfig: Setting CVar [[r.DOF.Gather.AccumulatorQuality:1        ; higher gathering accumulator quality]]
[2021.01.29-12.36.12:673][  0]LogConfig: Setting CVar [[r.DOF.Gather.PostfilterMethod:1          ; Median3x3 postfilering method]]
[2021.01.29-12.36.12:673][  0]LogConfig: Setting CVar [[r.DOF.Gather.EnableBokehSettings:0       ; no bokeh simulation when gathering]]
[2021.01.29-12.36.12:673][  0]LogConfig: Setting CVar [[r.DOF.Gather.RingCount:4                 ; medium number of samples when gathering]]
[2021.01.29-12.36.12:673][  0]LogConfig: Setting CVar [[r.DOF.Scatter.ForegroundCompositing:1    ; additive foreground scattering]]
[2021.01.29-12.36.12:673][  0]LogConfig: Setting CVar [[r.DOF.Scatter.BackgroundCompositing:2    ; additive background scattering]]
[2021.01.29-12.36.12:673][  0]LogConfig: Setting CVar [[r.DOF.Scatter.EnableBokehSettings:1      ; bokeh simulation when scattering]]
[2021.01.29-12.36.12:673][  0]LogConfig: Setting CVar [[r.DOF.Scatter.MaxSpriteRatio:0.1         ; only a maximum of 10% of scattered bokeh]]
[2021.01.29-12.36.12:673][  0]LogConfig: Setting CVar [[r.DOF.Recombine.Quality:1                ; cheap slight out of focus]]
[2021.01.29-12.36.12:673][  0]LogConfig: Setting CVar [[r.DOF.Recombine.EnableBokehSettings:0    ; no bokeh simulation on slight out of focus]]
[2021.01.29-12.36.12:673][  0]LogConfig: Setting CVar [[r.DOF.TemporalAAQuality:1                ; more stable temporal accumulation]]
[2021.01.29-12.36.12:673][  0]LogConfig: Setting CVar [[r.DOF.Kernel.MaxForegroundRadius:0.025]]
[2021.01.29-12.36.12:673][  0]LogConfig: Setting CVar [[r.DOF.Kernel.MaxBackgroundRadius:0.025]]
[2021.01.29-12.36.12:673][  0]LogConfig: Applying CVar settings from Section [TextureQuality@3] File [A:/LostAndFound/Lostfound/Saved/Config/Windows/Scalability.ini]
[2021.01.29-12.36.12:673][  0]LogConfig: Setting CVar [[r.Streaming.MipBias:0]]
[2021.01.29-12.36.12:673][  0]LogConfig: Setting CVar [[r.Streaming.AmortizeCPUToGPUCopy:0]]
[2021.01.29-12.36.12:673][  0]LogConfig: Setting CVar [[r.Streaming.MaxNumTexturesToStreamPerFrame:0]]
[2021.01.29-12.36.12:673][  0]LogConfig: Setting CVar [[r.Streaming.Boost:1]]
[2021.01.29-12.36.12:673][  0]LogConfig: Setting CVar [[r.MaxAnisotropy:8]]
[2021.01.29-12.36.12:673][  0]LogConfig: Setting CVar [[r.Streaming.LimitPoolSizeToVRAM:0]]
[2021.01.29-12.36.12:673][  0]LogConfig: Setting CVar [[r.Streaming.PoolSize:1000]]
[2021.01.29-12.36.12:673][  0]LogConfig: Setting CVar [[r.Streaming.MaxEffectiveScreenSize:0]]
[2021.01.29-12.36.12:673][  0]LogConfig: Applying CVar settings from Section [EffectsQuality@3] File [A:/LostAndFound/Lostfound/Saved/Config/Windows/Scalability.ini]
[2021.01.29-12.36.12:673][  0]LogConfig: Setting CVar [[r.TranslucencyLightingVolumeDim:64]]
[2021.01.29-12.36.12:673][  0]LogConfig: Setting CVar [[r.RefractionQuality:2]]
[2021.01.29-12.36.12:673][  0]LogConfig: Setting CVar [[r.SSR.Quality:3]]
[2021.01.29-12.36.12:673][  0]LogConfig: Setting CVar [[r.SceneColorFormat:4]]
[2021.01.29-12.36.12:673][  0]LogConfig: Setting CVar [[r.DetailMode:2]]
[2021.01.29-12.36.12:673][  0]LogConfig: Setting CVar [[r.TranslucencyVolumeBlur:1]]
[2021.01.29-12.36.12:673][  0]LogConfig: Setting CVar [[r.MaterialQualityLevel:1 ; High quality]]
[2021.01.29-12.36.12:673][  0]LogConfig: Setting CVar [[r.SSS.Scale:1]]
[2021.01.29-12.36.12:673][  0]LogConfig: Setting CVar [[r.SSS.SampleSet:2]]
[2021.01.29-12.36.12:673][  0]LogConfig: Setting CVar [[r.SSS.Quality:1]]
[2021.01.29-12.36.12:673][  0]LogConfig: Setting CVar [[r.SSS.HalfRes:1]]
[2021.01.29-12.36.12:673][  0]LogConfig: Setting CVar [[r.EmitterSpawnRateScale:1.0]]
[2021.01.29-12.36.12:673][  0]LogConfig: Setting CVar [[r.ParticleLightQuality:2]]
[2021.01.29-12.36.12:673][  0]LogConfig: Applying CVar settings from Section [FoliageQuality@3] File [A:/LostAndFound/Lostfound/Saved/Config/Windows/Scalability.ini]
[2021.01.29-12.36.12:673][  0]LogConfig: Setting CVar [[foliage.DensityScale:1.0]]
[2021.01.29-12.36.12:673][  0]LogConfig: Setting CVar [[grass.DensityScale:1.0]]
[2021.01.29-12.36.12:674][  0]LogInit: Selected Device Profile: [Windows]
[2021.01.29-12.36.12:674][  0]LogInit: Applying CVar settings loaded from the selected device profile: [Windows]
[2021.01.29-12.36.12:687][  0]LogHAL: Display: Platform has ~ 16 GB [17128554496 / 17179869184 / 16], which maps to Larger [LargestMinGB=32, LargerMinGB=12, DefaultMinGB=8, SmallerMinGB=6, SmallestMinGB=0)
[2021.01.29-12.36.12:687][  0]LogInit: Going up to parent DeviceProfile []
[2021.01.29-12.36.12:687][  0]LogConfig: Applying CVar settings from Section [ViewDistanceQuality@3] File [A:/LostAndFound/Lostfound/Saved/Config/Windows/Scalability.ini]
[2021.01.29-12.36.12:687][  0]LogConfig: Setting CVar [[r.SkeletalMeshLODBias:0]]
[2021.01.29-12.36.12:687][  0]LogConfig: Setting CVar [[r.ViewDistanceScale:1.0]]
[2021.01.29-12.36.12:687][  0]LogConfig: Applying CVar settings from Section [AntiAliasingQuality@3] File [A:/LostAndFound/Lostfound/Saved/Config/Windows/Scalability.ini]
[2021.01.29-12.36.12:687][  0]LogConfig: Setting CVar [[r.PostProcessAAQuality:4]]
[2021.01.29-12.36.12:687][  0]LogConfig: Applying CVar settings from Section [ShadowQuality@3] File [A:/LostAndFound/Lostfound/Saved/Config/Windows/Scalability.ini]
[2021.01.29-12.36.12:687][  0]LogConfig: Setting CVar [[r.LightFunctionQuality:1]]
[2021.01.29-12.36.12:687][  0]LogConfig: Setting CVar [[r.ShadowQuality:5]]
[2021.01.29-12.36.12:687][  0]LogConfig: Setting CVar [[r.Shadow.CSM.MaxCascades:10]]
[2021.01.29-12.36.12:687][  0]LogConfig: Setting CVar [[r.Shadow.MaxResolution:2048]]
[2021.01.29-12.36.12:687][  0]LogConfig: Setting CVar [[r.Shadow.MaxCSMResolution:2048]]
[2021.01.29-12.36.12:687][  0]LogConfig: Setting CVar [[r.Shadow.RadiusThreshold:0.01]]
[2021.01.29-12.36.12:687][  0]LogConfig: Setting CVar [[r.Shadow.DistanceScale:1.0]]
[2021.01.29-12.36.12:687][  0]LogConfig: Setting CVar [[r.Shadow.CSM.TransitionScale:1.0]]
[2021.01.29-12.36.12:687][  0]LogConfig: Setting CVar [[r.Shadow.PreShadowResolutionFactor:1.0]]
[2021.01.29-12.36.12:687][  0]LogConfig: Setting CVar [[r.DistanceFieldShadowing:1]]
[2021.01.29-12.36.12:687][  0]LogConfig: Setting CVar [[r.DistanceFieldAO:1]]
[2021.01.29-12.36.12:687][  0]LogConfig: Setting CVar [[r.AOQuality:2]]
[2021.01.29-12.36.12:687][  0]LogConfig: Setting CVar [[r.VolumetricFog:1]]
[2021.01.29-12.36.12:687][  0]LogConfig: Setting CVar [[r.VolumetricFog.GridPixelSize:8]]
[2021.01.29-12.36.12:687][  0]LogConfig: Setting CVar [[r.VolumetricFog.GridSizeZ:128]]
[2021.01.29-12.36.12:687][  0]LogConfig: Setting CVar [[r.VolumetricFog.HistoryMissSupersampleCount:4]]
[2021.01.29-12.36.12:687][  0]LogConfig: Setting CVar [[r.LightMaxDrawDistanceScale:1]]
[2021.01.29-12.36.12:687][  0]LogConfig: Setting CVar [[r.CapsuleShadows:1]]
[2021.01.29-12.36.12:687][  0]LogConfig: Applying CVar settings from Section [PostProcessQuality@3] File [A:/LostAndFound/Lostfound/Saved/Config/Windows/Scalability.ini]
[2021.01.29-12.36.12:687][  0]LogConfig: Setting CVar [[r.MotionBlurQuality:4]]
[2021.01.29-12.36.12:688][  0]LogConfig: Setting CVar [[r.AmbientOcclusionMipLevelFactor:0.4]]
[2021.01.29-12.36.12:688][  0]LogConfig: Setting CVar [[r.AmbientOcclusionMaxQuality:100]]
[2021.01.29-12.36.12:688][  0]LogConfig: Setting CVar [[r.AmbientOcclusionLevels:-1]]
[2021.01.29-12.36.12:688][  0]LogConfig: Setting CVar [[r.AmbientOcclusionRadiusScale:1.0]]
[2021.01.29-12.36.12:688][  0]LogConfig: Setting CVar [[r.DepthOfFieldQuality:2]]
[2021.01.29-12.36.12:688][  0]LogConfig: Setting CVar [[r.RenderTargetPoolMin:400]]
[2021.01.29-12.36.12:688][  0]LogConfig: Setting CVar [[r.LensFlareQuality:2]]
[2021.01.29-12.36.12:688][  0]LogConfig: Setting CVar [[r.SceneColorFringeQuality:1]]
[2021.01.29-12.36.12:688][  0]LogConfig: Setting CVar [[r.EyeAdaptationQuality:2]]
[2021.01.29-12.36.12:688][  0]LogConfig: Setting CVar [[r.BloomQuality:5]]
[2021.01.29-12.36.12:688][  0]LogConfig: Setting CVar [[r.FastBlurThreshold:100]]
[2021.01.29-12.36.12:688][  0]LogConfig: Setting CVar [[r.Upscale.Quality:3]]
[2021.01.29-12.36.12:688][  0]LogConfig: Setting CVar [[r.Tonemapper.GrainQuantization:1]]
[2021.01.29-12.36.12:688][  0]LogConfig: Setting CVar [[r.LightShaftQuality:1]]
[2021.01.29-12.36.12:688][  0]LogConfig: Setting CVar [[r.Filter.SizeScale:1]]
[2021.01.29-12.36.12:688][  0]LogConfig: Setting CVar [[r.Tonemapper.Quality:5]]
[2021.01.29-12.36.12:688][  0]LogConfig: Setting CVar [[r.DOF.Gather.AccumulatorQuality:1        ; higher gathering accumulator quality]]
[2021.01.29-12.36.12:688][  0]LogConfig: Setting CVar [[r.DOF.Gather.PostfilterMethod:1          ; Median3x3 postfilering method]]
[2021.01.29-12.36.12:688][  0]LogConfig: Setting CVar [[r.DOF.Gather.EnableBokehSettings:0       ; no bokeh simulation when gathering]]
[2021.01.29-12.36.12:688][  0]LogConfig: Setting CVar [[r.DOF.Gather.RingCount:4                 ; medium number of samples when gathering]]
[2021.01.29-12.36.12:688][  0]LogConfig: Setting CVar [[r.DOF.Scatter.ForegroundCompositing:1    ; additive foreground scattering]]
[2021.01.29-12.36.12:688][  0]LogConfig: Setting CVar [[r.DOF.Scatter.BackgroundCompositing:2    ; additive background scattering]]
[2021.01.29-12.36.12:688][  0]LogConfig: Setting CVar [[r.DOF.Scatter.EnableBokehSettings:1      ; bokeh simulation when scattering]]
[2021.01.29-12.36.12:688][  0]LogConfig: Setting CVar [[r.DOF.Scatter.MaxSpriteRatio:0.1         ; only a maximum of 10% of scattered bokeh]]
[2021.01.29-12.36.12:688][  0]LogConfig: Setting CVar [[r.DOF.Recombine.Quality:1                ; cheap slight out of focus]]
[2021.01.29-12.36.12:688][  0]LogConfig: Setting CVar [[r.DOF.Recombine.EnableBokehSettings:0    ; no bokeh simulation on slight out of focus]]
[2021.01.29-12.36.12:688][  0]LogConfig: Setting CVar [[r.DOF.TemporalAAQuality:1                ; more stable temporal accumulation]]
[2021.01.29-12.36.12:688][  0]LogConfig: Setting CVar [[r.DOF.Kernel.MaxForegroundRadius:0.025]]
[2021.01.29-12.36.12:688][  0]LogConfig: Setting CVar [[r.DOF.Kernel.MaxBackgroundRadius:0.025]]
[2021.01.29-12.36.12:688][  0]LogConfig: Applying CVar settings from Section [TextureQuality@3] File [A:/LostAndFound/Lostfound/Saved/Config/Windows/Scalability.ini]
[2021.01.29-12.36.12:688][  0]LogConfig: Setting CVar [[r.Streaming.MipBias:0]]
[2021.01.29-12.36.12:688][  0]LogConfig: Setting CVar [[r.Streaming.AmortizeCPUToGPUCopy:0]]
[2021.01.29-12.36.12:688][  0]LogConfig: Setting CVar [[r.Streaming.MaxNumTexturesToStreamPerFrame:0]]
[2021.01.29-12.36.12:688][  0]LogConfig: Setting CVar [[r.Streaming.Boost:1]]
[2021.01.29-12.36.12:688][  0]LogConfig: Setting CVar [[r.MaxAnisotropy:8]]
[2021.01.29-12.36.12:688][  0]LogConfig: Setting CVar [[r.Streaming.LimitPoolSizeToVRAM:0]]
[2021.01.29-12.36.12:688][  0]LogConfig: Setting CVar [[r.Streaming.PoolSize:1000]]
[2021.01.29-12.36.12:688][  0]LogConfig: Setting CVar [[r.Streaming.MaxEffectiveScreenSize:0]]
[2021.01.29-12.36.12:688][  0]LogConfig: Applying CVar settings from Section [EffectsQuality@3] File [A:/LostAndFound/Lostfound/Saved/Config/Windows/Scalability.ini]
[2021.01.29-12.36.12:688][  0]LogConfig: Setting CVar [[r.TranslucencyLightingVolumeDim:64]]
[2021.01.29-12.36.12:688][  0]LogConfig: Setting CVar [[r.RefractionQuality:2]]
[2021.01.29-12.36.12:688][  0]LogConfig: Setting CVar [[r.SSR.Quality:3]]
[2021.01.29-12.36.12:688][  0]LogConfig: Setting CVar [[r.SceneColorFormat:4]]
[2021.01.29-12.36.12:688][  0]LogConfig: Setting CVar [[r.DetailMode:2]]
[2021.01.29-12.36.12:688][  0]LogConfig: Setting CVar [[r.TranslucencyVolumeBlur:1]]
[2021.01.29-12.36.12:688][  0]LogConfig: Setting CVar [[r.MaterialQualityLevel:1 ; High quality]]
[2021.01.29-12.36.12:688][  0]LogConfig: Setting CVar [[r.SSS.Scale:1]]
[2021.01.29-12.36.12:688][  0]LogConfig: Setting CVar [[r.SSS.SampleSet:2]]
[2021.01.29-12.36.12:688][  0]LogConfig: Setting CVar [[r.SSS.Quality:1]]
[2021.01.29-12.36.12:688][  0]LogConfig: Setting CVar [[r.SSS.HalfRes:1]]
[2021.01.29-12.36.12:688][  0]LogConfig: Setting CVar [[r.EmitterSpawnRateScale:1.0]]
[2021.01.29-12.36.12:688][  0]LogConfig: Setting CVar [[r.ParticleLightQuality:2]]
[2021.01.29-12.36.12:688][  0]LogConfig: Applying CVar settings from Section [FoliageQuality@3] File [A:/LostAndFound/Lostfound/Saved/Config/Windows/Scalability.ini]
[2021.01.29-12.36.12:688][  0]LogConfig: Setting CVar [[foliage.DensityScale:1.0]]
[2021.01.29-12.36.12:688][  0]LogConfig: Setting CVar [[grass.DensityScale:1.0]]
[2021.01.29-12.36.12:688][  0]LogConfig: Applying CVar settings from Section [Startup] File [../../../Engine/Config/ConsoleVariables.ini]
[2021.01.29-12.36.12:695][  0]LogConfig: Setting CVar [[net.UseAdaptiveNetUpdateFrequency:0]]
[2021.01.29-12.36.12:695][  0]LogConfig: Setting CVar [[p.chaos.AllowCreatePhysxBodies:1]]
[2021.01.29-12.36.12:695][  0]LogConfig: Applying CVar settings from Section [ConsoleVariables] File [A:/LostAndFound/Lostfound/Saved/Config/Windows/Engine.ini]
[2021.01.29-12.36.12:696][  0]LogInit: Computer: DESKTOP-D8AKS8E
[2021.01.29-12.36.12:696][  0]LogInit: User: mattt
[2021.01.29-12.36.12:696][  0]LogInit: CPU Page size=4096, Cores=6
[2021.01.29-12.36.12:696][  0]LogInit: High frequency timer resolution =10.000000 MHz
[2021.01.29-12.36.12:696][  0]LogMemory: Memory total: Physical=16.0GB (16GB approx)
[2021.01.29-12.36.12:697][  0]LogMemory: Platform Memory Stats for Windows
[2021.01.29-12.36.12:697][  0]LogMemory: Process Physical Memory: 107.95 MB used, 107.95 MB peak
[2021.01.29-12.36.12:697][  0]LogMemory: Process Virtual Memory: 105.51 MB used, 105.51 MB peak
[2021.01.29-12.36.12:697][  0]LogMemory: Physical Memory: 8283.35 MB used,  8051.71 MB free, 16335.06 MB total
[2021.01.29-12.36.12:697][  0]LogMemory: Virtual Memory: 4709.19 MB used,  134213016.00 MB free, 134217728.00 MB total
[2021.01.29-12.36.12:703][  0]LogWindows: WindowsPlatformFeatures enabled
[2021.01.29-12.36.12:955][  0]LogInit: Using OS detected language (en-US).
[2021.01.29-12.36.12:955][  0]LogInit: Using OS detected locale (en-US).
[2021.01.29-12.36.12:957][  0]LogTextLocalizationManager: No specific localization for 'en-US' exists, so the 'en' localization will be used.
[2021.01.29-12.36.13:273][  0]LogInit: Setting process to per monitor DPI aware
[2021.01.29-12.36.13:381][  0]LogSlate: New Slate User Created.  User Index 0, Is Virtual User: 0
[2021.01.29-12.36.13:381][  0]LogSlate: Slate User Registered.  User Index 0, Is Virtual User: 0
[2021.01.29-12.36.16:550][  0]LogHMD: Failed to initialize OpenVR with code 110
[2021.01.29-12.36.16:550][  0]LogD3D11RHI: D3D11 adapters:
[2021.01.29-12.36.16:624][  0]LogD3D11RHI:    0. 'NVIDIA GeForce GTX 1050 Ti' (Feature Level 11_0)
[2021.01.29-12.36.16:624][  0]LogD3D11RHI:       4018/0/8167 MB DedicatedVideo/DedicatedSystem/SharedSystem, Outputs:1, VendorId:0x10de
[2021.01.29-12.36.16:629][  0]LogD3D11RHI:    1. 'Microsoft Basic Render Driver' (Feature Level 11_0)
[2021.01.29-12.36.16:629][  0]LogD3D11RHI:       0/0/8167 MB DedicatedVideo/DedicatedSystem/SharedSystem, Outputs:0, VendorId:0x1414
[2021.01.29-12.36.16:629][  0]LogD3D11RHI: Chosen D3D11 Adapter: 0
[2021.01.29-12.36.16:640][  0]LogD3D11RHI: Creating new Direct3DDevice
[2021.01.29-12.36.16:640][  0]LogD3D11RHI:     GPU DeviceId: 0x1c82 (for the marketing name, search the web for "GPU Device Id")
[2021.01.29-12.36.16:640][  0]LogWindows: EnumDisplayDevices:
[2021.01.29-12.36.16:641][  0]LogWindows:    0. 'NVIDIA GeForce GTX 1050 Ti' (P:1 D:1)
[2021.01.29-12.36.16:641][  0]LogWindows:    1. 'NVIDIA GeForce GTX 1050 Ti' (P:0 D:0)
[2021.01.29-12.36.16:641][  0]LogWindows:    2. 'NVIDIA GeForce GTX 1050 Ti' (P:0 D:0)
[2021.01.29-12.36.16:641][  0]LogWindows:    3. 'NVIDIA GeForce GTX 1050 Ti' (P:0 D:0)
[2021.01.29-12.36.16:642][  0]LogWindows: DebugString: FoundDriverCount:4 
[2021.01.29-12.36.16:642][  0]LogD3D11RHI:     Adapter Name: NVIDIA GeForce GTX 1050 Ti
[2021.01.29-12.36.16:642][  0]LogD3D11RHI:   Driver Version: 457.09 (internal:27.21.14.5709, unified:457.09)
[2021.01.29-12.36.16:642][  0]LogD3D11RHI:      Driver Date: 10-22-2020
[2021.01.29-12.36.16:642][  0]LogRHI: Texture pool is 2812 MB (70% of 4018 MB)
[2021.01.29-12.36.16:708][  0]LogD3D11RHI: Async texture creation enabled
[2021.01.29-12.36.16:730][  0]LogD3D11RHI: GPU Timing Frequency: 1000.000000 (Debug: 2 1)
[2021.01.29-12.36.16:734][  0]LogD3D11RHI: HDR output is supported on display 0 (NvId: 0x80061082).
[2021.01.29-12.36.17:155][  0]LogTemp: Display: Module 'AllDesktopTargetPlatform' loaded TargetPlatform 'AllDesktop'
[2021.01.29-12.36.17:167][  0]LogTemp: Display: Module 'MacClientTargetPlatform' loaded TargetPlatform 'MacClient'
[2021.01.29-12.36.17:179][  0]LogTemp: Display: Module 'MacNoEditorTargetPlatform' loaded TargetPlatform 'MacNoEditor'
[2021.01.29-12.36.17:190][  0]LogTemp: Display: Module 'MacServerTargetPlatform' loaded TargetPlatform 'MacServer'
[2021.01.29-12.36.17:215][  0]LogTemp: Display: Module 'MacTargetPlatform' loaded TargetPlatform 'Mac'
[2021.01.29-12.36.17:227][  0]LogTemp: Display: Module 'WindowsClientTargetPlatform' loaded TargetPlatform 'WindowsClient'
[2021.01.29-12.36.17:239][  0]LogTemp: Display: Module 'WindowsNoEditorTargetPlatform' loaded TargetPlatform 'WindowsNoEditor'
[2021.01.29-12.36.17:252][  0]LogTemp: Display: Module 'WindowsServerTargetPlatform' loaded TargetPlatform 'WindowsServer'
[2021.01.29-12.36.17:259][  0]LogTemp: Display: Module 'WindowsTargetPlatform' loaded TargetPlatform 'Windows'
[2021.01.29-12.36.17:314][  0]LogTemp: Display: Module 'AndroidTargetPlatform' loaded TargetPlatform 'Android'
[2021.01.29-12.36.17:314][  0]LogTemp: Display: Module 'AndroidTargetPlatform' loaded TargetPlatform 'Android_ASTC'
[2021.01.29-12.36.17:314][  0]LogTemp: Display: Module 'AndroidTargetPlatform' loaded TargetPlatform 'Android_ATC'
[2021.01.29-12.36.17:314][  0]LogTemp: Display: Module 'AndroidTargetPlatform' loaded TargetPlatform 'Android_DXT'
[2021.01.29-12.36.17:314][  0]LogTemp: Display: Module 'AndroidTargetPlatform' loaded TargetPlatform 'Android_ETC1'
[2021.01.29-12.36.17:314][  0]LogTemp: Display: Module 'AndroidTargetPlatform' loaded TargetPlatform 'Android_ETC1a'
[2021.01.29-12.36.17:314][  0]LogTemp: Display: Module 'AndroidTargetPlatform' loaded TargetPlatform 'Android_ETC2'
[2021.01.29-12.36.17:314][  0]LogTemp: Display: Module 'AndroidTargetPlatform' loaded TargetPlatform 'Android_PVRTC'
[2021.01.29-12.36.17:314][  0]LogTemp: Display: Module 'AndroidTargetPlatform' loaded TargetPlatform 'AndroidClient'
[2021.01.29-12.36.17:315][  0]LogTemp: Display: Module 'AndroidTargetPlatform' loaded TargetPlatform 'Android_ASTCClient'
[2021.01.29-12.36.17:315][  0]LogTemp: Display: Module 'AndroidTargetPlatform' loaded TargetPlatform 'Android_ATCClient'
[2021.01.29-12.36.17:315][  0]LogTemp: Display: Module 'AndroidTargetPlatform' loaded TargetPlatform 'Android_DXTClient'
[2021.01.29-12.36.17:315][  0]LogTemp: Display: Module 'AndroidTargetPlatform' loaded TargetPlatform 'Android_ETC1Client'
[2021.01.29-12.36.17:315][  0]LogTemp: Display: Module 'AndroidTargetPlatform' loaded TargetPlatform 'Android_ETC1aClient'
[2021.01.29-12.36.17:315][  0]LogTemp: Display: Module 'AndroidTargetPlatform' loaded TargetPlatform 'Android_ETC2Client'
[2021.01.29-12.36.17:315][  0]LogTemp: Display: Module 'AndroidTargetPlatform' loaded TargetPlatform 'Android_PVRTCClient'
[2021.01.29-12.36.17:315][  0]LogTemp: Display: Module 'AndroidTargetPlatform' loaded TargetPlatform 'Android_Multi'
[2021.01.29-12.36.17:315][  0]LogTemp: Display: Module 'AndroidTargetPlatform' loaded TargetPlatform 'Android_MultiClient'
[2021.01.29-12.36.17:318][  0]LogTemp: Display: Module 'HTML5TargetPlatform' loaded TargetPlatform 'HTML5'
[2021.01.29-12.36.17:362][  0]LogTemp: Display: Module 'IOSTargetPlatform' loaded TargetPlatform 'IOSClient'
[2021.01.29-12.36.17:362][  0]LogTemp: Display: Module 'IOSTargetPlatform' loaded TargetPlatform 'IOS'
[2021.01.29-12.36.17:379][  0]LogTemp: Display: Module 'TVOSTargetPlatform' loaded TargetPlatform 'TVOSClient'
[2021.01.29-12.36.17:379][  0]LogTemp: Display: Module 'TVOSTargetPlatform' loaded TargetPlatform 'TVOS'
[2021.01.29-12.36.17:390][  0]LogTemp: Display: Module 'LinuxClientTargetPlatform' loaded TargetPlatform 'LinuxClient'
[2021.01.29-12.36.17:400][  0]LogTemp: Display: Module 'LinuxNoEditorTargetPlatform' loaded TargetPlatform 'LinuxNoEditor'
[2021.01.29-12.36.17:411][  0]LogTemp: Display: Module 'LinuxServerTargetPlatform' loaded TargetPlatform 'LinuxServer'
[2021.01.29-12.36.17:440][  0]LogTemp: Display: Module 'LinuxTargetPlatform' loaded TargetPlatform 'Linux'
[2021.01.29-12.36.17:478][  0]LogTemp: Display: Module 'LuminTargetPlatform' loaded TargetPlatform 'Lumin'
[2021.01.29-12.36.17:478][  0]LogTemp: Display: Module 'LuminTargetPlatform' loaded TargetPlatform 'LuminClient'
[2021.01.29-12.36.17:478][  0]LogTargetPlatformManager: Display: Building Assets For Windows
[2021.01.29-12.36.17:497][  0]LogAudioDebug: Display: Lib vorbis DLL was dynamically loaded.
[2021.01.29-12.36.17:646][  0]LogShaderCompilers: Guid format shader working directory is 20 characters bigger than the processId version (A:/LostAndFound/Lostfound/Intermediate/Shaders/WorkingDirectory/25532/).
[2021.01.29-12.36.17:646][  0]LogShaderCompilers: Cleaned the shader compiler working directory 'C:/Users/mattt/AppData/Local/Temp/UnrealShaderWorkingDir/3A9C70BE40703EBE545240A2B38DFF1B/'.
[2021.01.29-12.36.17:651][  0]LogXGEController: Cleaning working directory: C:/Users/mattt/AppData/Local/Temp/UnrealXGEWorkingDir/
[2021.01.29-12.36.17:651][  0]LogXGEController: Cannot use XGE Controller as Incredibuild is not installed on this machine.
[2021.01.29-12.36.17:652][  0]LogShaderCompilers: Cannot use XGE Shader Compiler as Incredibuild is not installed on this machine.
[2021.01.29-12.36.17:652][  0]LogShaderCompilers: Display: Using Local Shader Compiler.
[2021.01.29-12.36.21:334][  0]LogDerivedDataCache: Display: Max Cache Size: 512 MB
[2021.01.29-12.36.21:434][  0]LogDerivedDataCache: Loaded boot cache 0.10s 76MB C:/Users/mattt/AppData/Local/UnrealEngine/4.23/DerivedDataCache/Boot.ddc.
[2021.01.29-12.36.21:435][  0]LogDerivedDataCache: Display: Loaded Boot cache: C:/Users/mattt/AppData/Local/UnrealEngine/4.23/DerivedDataCache/Boot.ddc
[2021.01.29-12.36.21:435][  0]LogDerivedDataCache: FDerivedDataBackendGraph:  Pak pak cache file A:/LostAndFound/Lostfound/DerivedDataCache/DDC.ddp not found, will not use a pak cache.
[2021.01.29-12.36.21:435][  0]LogDerivedDataCache: Unable to find inner node Pak for hierarchical cache Hierarchy.
[2021.01.29-12.36.21:435][  0]LogDerivedDataCache: FDerivedDataBackendGraph:  CompressedPak pak cache file A:/LostAndFound/Lostfound/DerivedDataCache/Compressed.ddp not found, will not use a pak cache.
[2021.01.29-12.36.21:435][  0]LogDerivedDataCache: Unable to find inner node CompressedPak for hierarchical cache Hierarchy.
[2021.01.29-12.36.21:459][  0]LogDerivedDataCache: Display: Pak cache opened for reading ../../../Engine/DerivedDataCache/Compressed.ddp.
[2021.01.29-12.36.21:459][  0]LogDerivedDataCache: FDerivedDataBackendGraph:  EnterprisePak pak cache file ../../../Enterprise/DerivedDataCache/Compressed.ddp not found, will not use a pak cache.
[2021.01.29-12.36.21:459][  0]LogDerivedDataCache: Unable to find inner node EnterprisePak for hierarchical cache Hierarchy.
[2021.01.29-12.36.21:461][  0]LogDerivedDataCache: Using Local data cache path C:/Users/mattt/AppData/Local/UnrealEngine/Common/DerivedDataCache: Writable
[2021.01.29-12.36.21:461][  0]LogDerivedDataCache: Shared data cache path not found in *engine.ini, will not use an Shared cache.
[2021.01.29-12.36.21:461][  0]LogDerivedDataCache: Unable to find inner node Shared for hierarchical cache Hierarchy.
[2021.01.29-12.36.21:488][  0]LogMaterial: Verifying Global Shaders for PCD3D_SM5
[2021.01.29-12.36.21:495][  0]LogSlate: Using FreeType 2.6.0
[2021.01.29-12.36.21:522][  0]LogSlate: SlateFontServices - WITH_FREETYPE: 1, WITH_HARFBUZZ: 1
[2021.01.29-12.36.21:646][  0]LogAssetRegistry: FAssetRegistry took 0.0048 seconds to start up
[2021.01.29-12.36.22:121][  0]LogInit: Selected Device Profile: [Windows]
[2021.01.29-12.36.22:493][  0]LogMeshReduction: Using QuadricMeshReduction for automatic static mesh reduction
[2021.01.29-12.36.22:493][  0]LogMeshReduction: Using SimplygonMeshReduction for automatic skeletal mesh reduction
[2021.01.29-12.36.22:493][  0]LogMeshReduction: Using ProxyLODMeshReduction for automatic mesh merging
[2021.01.29-12.36.22:493][  0]LogMeshReduction: No distributed automatic mesh merging module available
[2021.01.29-12.36.22:494][  0]LogMeshMerging: No distributed automatic mesh merging module available
[2021.01.29-12.36.22:553][  0]LogNetVersion: Lostfound 1.0.0, NetCL: 8386587, EngineNetVer: 11, GameNetVer: 0 (Checksum: 709053176)
[2021.01.29-12.36.23:925][  0]LogPackageLocalizationCache: Processed 12 localized package path(s) for 1 prioritized culture(s) in 0.064326 seconds
[2021.01.29-12.36.23:934][  0]LogUObjectArray: 43444 objects as part of root set at end of initial load.
[2021.01.29-12.36.23:934][  0]LogUObjectAllocator: 7548648 out of 0 bytes used by permanent object pool.
[2021.01.29-12.36.23:935][  0]LogUObjectArray: CloseDisregardForGC: 0/0 objects in disregard for GC pool
[2021.01.29-12.36.25:930][  0]LogTcpMessaging: Initializing TcpMessaging bridge
[2021.01.29-12.36.25:937][  0]LogUdpMessaging: Initializing bridge on interface 0.0.0.0:0 to multicast group 230.0.0.1:6666.
[2021.01.29-12.36.26:051][  0]SourceControl: Source control is disabled
[2021.01.29-12.36.26:052][  0]SourceControl: Source control is disabled
[2021.01.29-12.36.26:060][  0]SourceControl: Source control is disabled
[2021.01.29-12.36.26:064][  0]SourceControl: Source control is disabled
[2021.01.29-12.36.26:337][  0]LogAndroidPermission: UAndroidPermissionCallbackProxy::GetInstance
[2021.01.29-12.36.26:581][  0]LogOcInput: OculusInput pre-init called
[2021.01.29-12.36.27:453][  0]LogEngine: Initializing Engine...
[2021.01.29-12.36.27:455][  0]LogHMD: Failed to initialize OpenVR with code 110
[2021.01.29-12.36.27:459][  0]LogStats: UGameplayTagsManager::InitializeManager -  0.001 s
[2021.01.29-12.36.27:718][  0]LogInit: Initializing FReadOnlyCVARCache
[2021.01.29-12.36.27:770][  0]LogAIModule: Creating AISystem for world Untitled
[2021.01.29-12.36.27:809][  0]LogInit: XAudio2 using 'AG273QS4R4 (NVIDIA High Definition Audio)' : 2 channels at 48 kHz using 16 bits per sample (channel mask 0x3)
[2021.01.29-12.36.27:827][  0]LogInit: FAudioDevice initialized.
[2021.01.29-12.36.27:828][  0]LogNetVersion: Set ProjectVersion to 1.0.0.0. Version Checksum will be recalculated on next use.
[2021.01.29-12.36.27:884][  0]LogDerivedDataCache: Saved boot cache 0.06s 76MB C:/Users/mattt/AppData/Local/UnrealEngine/4.23/DerivedDataCache/Boot.ddc.
[2021.01.29-12.36.27:890][  0]LogInit: Texture streaming: Enabled
[2021.01.29-12.36.27:924][  0]LogEngineSessionManager: EngineSessionManager initialized
[2021.01.29-12.36.27:925][  0]LogEditorSessionSummary: Verbose: Initializing EditorSessionSummaryWriter for editor session tracking
[2021.01.29-12.36.27:926][  0]LogEditorSessionSummary: EditorSessionSummaryWriter initialized
[2021.01.29-12.36.28:022][  0]LogInit: Transaction tracking system initialized
[2021.01.29-12.36.28:094][  0]BlueprintLog: New page: Editor Load
[2021.01.29-12.36.28:280][  0]LocalizationService: Localization service is disabled
[2021.01.29-12.36.28:737][  0]LogFileCache: Scanning file cache for directory 'A:/LostAndFound/Lostfound/Content/' took 0.00s
[2021.01.29-12.36.28:737][  0]LogCook: Display: Max memory allowance for cook 16384mb min free memory 0mb
[2021.01.29-12.36.28:737][  0]LogCook: Display: Mobile HDR setting 1
[2021.01.29-12.36.29:134][  0]SourceControl: Source control is disabled
[2021.01.29-12.36.29:135][  0]Cmd: MAP LOAD FILE="A:/LostAndFound/Lostfound/Content/StarterContent/Maps/Minimal_Default.umap" TEMPLATE=0 SHOWPROGRESS=1 FEATURELEVEL=3
[2021.01.29-12.36.29:143][  0]LightingResults: New page: Lighting Build
[2021.01.29-12.36.29:154][  0]LogWorld: UWorld::CleanupWorld for Untitled, bSessionEnded=true, bCleanupResources=true
[2021.01.29-12.36.29:157][  0]MapCheck: New page: Map Check
[2021.01.29-12.36.29:157][  0]LightingResults: New page: Lighting Build
[2021.01.29-12.36.29:202][  0]LogUObjectHash: Compacting FUObjectHashTables data took   1.94ms
[2021.01.29-12.36.29:395][  0]LogLinker: Warning: While loading 'A:/LostAndFound/Lostfound/Content/StarterContent/Maps/Minimal_Default.umap' failed to load '/Game/StarterContent/Maps/Minimal_Default_BuiltData': Can't find file.
[2021.01.29-12.36.29:395][  0]LogLinker: Warning: While loading 'A:/LostAndFound/Lostfound/Content/StarterContent/Maps/Minimal_Default.umap' failed to load '/Game/StarterContent/Maps/Minimal_Default_BuiltData': Can't find file.
[2021.01.29-12.36.29:514][  0]LogLinker: Warning: While loading 'A:/LostAndFound/Lostfound/Content/StarterContent/Maps/Minimal_Default.umap' failed to load '/Game/StarterContent/Maps/Minimal_Default_BuiltData': Can't find file.
[2021.01.29-12.36.29:515][  0]LogLinker: Warning: While loading 'A:/LostAndFound/Lostfound/Content/StarterContent/Maps/Minimal_Default.umap' failed to load '/Game/StarterContent/Maps/Minimal_Default_BuiltData': Can't find file.
[2021.01.29-12.36.29:591][  0]LogLinker: Warning: Failed to load '/Game/StarterContent/Maps/Minimal_Default_BuiltData': Can't find file.
[2021.01.29-12.36.29:592][  0]LogLinker: Warning: Failed to load '/Game/StarterContent/Maps/Minimal_Default_BuiltData': Can't find file.
[2021.01.29-12.36.29:592][  0]LogLinker: Warning: Failed to load '/Game/StarterContent/Maps/Minimal_Default_BuiltData': Can't find file.
[2021.01.29-12.36.29:592][  0]LogLinker: Warning: Failed to load '/Game/StarterContent/Maps/Minimal_Default_BuiltData': Can't find file.
[2021.01.29-12.36.29:600][  0]LogLinker: Warning: While loading 'A:/LostAndFound/Lostfound/Content/StarterContent/Maps/Minimal_Default.umap' failed to load '/Game/StarterContent/Maps/Minimal_Default_BuiltData': Can't find file.
[2021.01.29-12.36.29:600][  0]LoadErrors: Failed to load /Game/StarterContent/Maps/Minimal_Default_BuiltData.Minimal_Default_BuiltData Referenced by PersistentLevel
[2021.01.29-12.36.29:600][  0]LogLinker: Warning: While loading 'A:/LostAndFound/Lostfound/Content/StarterContent/Maps/Minimal_Default.umap' failed to load '/Game/StarterContent/Maps/Minimal_Default_BuiltData': Can't find file.
[2021.01.29-12.36.29:600][  0]LoadErrors: Failed to load /Game/StarterContent/Maps/Minimal_Default_BuiltData.Minimal_Default_BuiltData Referenced by PersistentLevel
[2021.01.29-12.36.29:724][  0]LogStaticMesh: Building static mesh Floor_400x400...
[2021.01.29-12.36.29:731][  0]LogStaticMesh: Built static mesh [0.01s] /Game/StarterContent/Architecture/Floor_400x400.Floor_400x400
[2021.01.29-12.36.29:905][  0]LogAIModule: Creating AISystem for world Minimal_Default
[2021.01.29-12.36.29:924][  0]LogEditorServer: Finished looking for orphan Actors (0.000 secs)
[2021.01.29-12.36.29:968][  0]LogUObjectHash: Compacting FUObjectHashTables data took   2.47ms
[2021.01.29-12.36.29:968][  0]Cmd: MAP CHECKDEP NOCLEARLOG
[2021.01.29-12.36.29:969][  0]MapCheck: Map check complete: 0 Error(s), 0 Warning(s), took 0.555ms to complete.
[2021.01.29-12.36.29:969][  0]LogFileHelpers: Loading map 'Minimal_Default' took 0.834
[2021.01.29-12.36.30:177][  0]LogSlate: Updating window title bar state: overlay mode, drag disabled, window buttons hidden, title bar hidden
[2021.01.29-12.36.30:185][  0]LogSlate: Updating window title bar state: overlay mode, drag disabled, window buttons hidden, title bar hidden
[2021.01.29-12.36.30:193][  0]LogSlate: Updating window title bar state: overlay mode, drag disabled, window buttons hidden, title bar hidden
[2021.01.29-12.36.30:202][  0]LogSlate: Updating window title bar state: overlay mode, drag disabled, window buttons hidden, title bar hidden
[2021.01.29-12.36.30:233][  0]LogCollectionManager: Loaded 0 collections in 0.002811 seconds
[2021.01.29-12.36.30:261][  0]LogFileCache: Scanning file cache for directory 'A:/LostAndFound/Lostfound/Saved/Collections/' took 0.00s
[2021.01.29-12.36.30:261][  0]LogFileCache: Scanning file cache for directory 'A:/LostAndFound/Lostfound/Content/Developers/mattt/Collections/' took 0.00s
[2021.01.29-12.36.30:261][  0]LogFileCache: Scanning file cache for directory 'A:/LostAndFound/Lostfound/Content/Collections/' took 0.00s
[2021.01.29-12.36.30:261][  0]LogCollectionManager: Rebuilt the GUID cache for 0 collections in 0.000002 seconds
[2021.01.29-12.36.30:274][  0]LogContentBrowser: Native class hierarchy populated in 0.0115 seconds. Added 2863 classes and 680 folders.
[2021.01.29-12.36.30:289][  0]LogContentBrowser: Native class hierarchy updated for 'WidgetCarousel' in 0.0003 seconds. Added 0 classes and 0 folders.
[2021.01.29-12.36.30:727][  0]LogContentBrowser: Native class hierarchy updated for 'AddContentDialog' in 0.0002 seconds. Added 0 classes and 0 folders.
[2021.01.29-12.36.30:748][  0]LogContentBrowser: Native class hierarchy updated for 'SceneOutliner' in 0.0003 seconds. Added 1 classes and 2 folders.
[2021.01.29-12.36.30:823][  0]LogSlate: Took 0.008068 seconds to synchronously load lazily loaded font '../../../Engine/Content/Slate/Fonts/Roboto-Regular.ttf' (155K)
[2021.01.29-12.36.30:833][  0]LogSlate: Took 0.006435 seconds to synchronously load lazily loaded font '../../../Engine/Content/Slate/Fonts/Roboto-Bold.ttf' (160K)
[2021.01.29-12.36.30:849][  0]LogSlate: Took 0.007944 seconds to synchronously load lazily loaded font '../../../Engine/Content/Editor/Slate/Fonts/FontAwesome.ttf' (139K)
[2021.01.29-12.36.30:993][  0]LogRenderer: Reallocating scene render targets to support 1616x1256 Format 10 NumSamples 1 (Frame:1).
[2021.01.29-12.36.31:167][  0]LogContentBrowser: Native class hierarchy updated for 'HierarchicalLODOutliner' in 0.0003 seconds. Added 0 classes and 0 folders.
[2021.01.29-12.36.31:167][  0]LogLoad: (Engine Initialization) Total time: 23.28 seconds
[2021.01.29-12.36.31:167][  0]LogLoad: (Engine Initialization) Total Blueprint compile time: 0.00 seconds
[2021.01.29-12.36.31:212][  0]LogContentStreaming: Texture pool size now 1000 MB
[2021.01.29-12.36.31:217][  0]LogSlate: FSceneViewport::OnFocusLost() reason 5
[2021.01.29-12.36.32:384][ 85]LogSlate: Window 'Message Log' being destroyed
[2021.01.29-12.36.32:389][ 85]LogSlate: Window 'Message Log' being destroyed
[2021.01.29-12.36.37:086][535]LogAssetRegistry: Asset discovery search completed in 15.4423 seconds
[2021.01.29-12.36.37:091][535]LogCollectionManager: Rebuilt the object cache for 0 collections in 0.000214 seconds (found 0 objects)
[2021.01.29-12.36.37:091][535]LogCollectionManager: Fixed up redirectors for 0 collections in 0.000333 seconds (updated 0 objects)
[2021.01.29-12.36.37:264][546]LogEditorViewport: Clicking on Actor (LMB): StaticMeshActor (Table)
[2021.01.29-12.36.38:384][619]LogEditorViewport: Clicking on Actor (LMB): StaticMeshActor (Chair)
[2021.01.29-12.36.40:297][777]LogSlate: FSceneViewport::OnFocusLost() reason 0
[2021.01.29-12.36.40:367][785]LogTemp: Repeating last play command: Selected Viewport
[2021.01.29-12.36.40:381][785]LogBlueprintUserMessages: Early PlayInEditor Detection: Level '/Game/StarterContent/Maps/Minimal_Default.Minimal_Default:PersistentLevel' has LevelScriptBlueprint '/Game/StarterContent/Maps/Minimal_Default.Minimal_Default:PersistentLevel.Minimal_Default' with GeneratedClass '/Game/StarterContent/Maps/Minimal_Default.Minimal_Default_C' with ClassGeneratedBy '/Game/StarterContent/Maps/Minimal_Default.Minimal_Default:PersistentLevel.Minimal_Default'
[2021.01.29-12.36.40:382][785]LogPlayLevel: PlayLevel: No blueprints needed recompiling
[2021.01.29-12.36.40:385][785]PIE: New page: PIE session: Minimal_Default (Jan 29, 2021, 4:36:40 PM)
[2021.01.29-12.36.40:389][785]LogOnline: OSS: Creating online subsystem instance for: NULL
[2021.01.29-12.36.40:391][785]LogPlayLevel: Creating play world package: /Game/StarterContent/Maps/UEDPIE_0_Minimal_Default
[2021.01.29-12.36.40:395][785]LogPlayLevel: PIE: StaticDuplicateObject took: (0.004142s)
[2021.01.29-12.36.40:396][785]LogAIModule: Creating AISystem for world Minimal_Default
[2021.01.29-12.36.40:397][785]LogPlayLevel: PIE: World Init took: (0.001525s)
[2021.01.29-12.36.40:397][785]LogPlayLevel: PIE: Created PIE world by copying editor world from /Game/StarterContent/Maps/Minimal_Default.Minimal_Default to /Game/StarterContent/Maps/UEDPIE_0_Minimal_Default.Minimal_Default (0.006149s)
[2021.01.29-12.36.40:434][785]LogUObjectHash: Compacting FUObjectHashTables data took   1.62ms
[2021.01.29-12.36.40:456][785]LogInit: XAudio2 using 'AG273QS4R4 (NVIDIA High Definition Audio)' : 2 channels at 48 kHz using 16 bits per sample (channel mask 0x3)
[2021.01.29-12.36.40:467][785]LogInit: FAudioDevice initialized.
[2021.01.29-12.36.40:480][785]LogLoad: Game class is 'GameModeBase'
[2021.01.29-12.36.40:485][785]LogWorld: Bringing World /Game/StarterContent/Maps/UEDPIE_0_Minimal_Default.Minimal_Default up for play (max tick rate 0) at 2021.01.29-14.36.40
[2021.01.29-12.36.40:485][785]LogWorld: Bringing up level for play took: 0.001360
[2021.01.29-12.36.40:486][785]LogOnline: OSS: Creating online subsystem instance for: :Context_3
[2021.01.29-12.36.40:504][785]LogContentBrowser: Native class hierarchy updated for 'MovieSceneCapture' in 0.0003 seconds. Added 20 classes and 0 folders.
[2021.01.29-12.36.40:510][785]PIE: Play in editor start time for /Game/StarterContent/Maps/UEDPIE_0_Minimal_Default -0.731
[2021.01.29-12.36.40:510][785]LogBlueprintUserMessages: Late PlayInEditor Detection: Level '/Game/StarterContent/Maps/Minimal_Default.Minimal_Default:PersistentLevel' has LevelScriptBlueprint '/Game/StarterContent/Maps/Minimal_Default.Minimal_Default:PersistentLevel.Minimal_Default' with GeneratedClass '/Game/StarterContent/Maps/Minimal_Default.Minimal_Default_C' with ClassGeneratedBy '/Game/StarterContent/Maps/Minimal_Default.Minimal_Default:PersistentLevel.Minimal_Default'
[2021.01.29-12.36.55:584][410]LogBlueprintUserMessages: Early EndPlayMap Detection: Level '/Game/StarterContent/Maps/Minimal_Default.Minimal_Default:PersistentLevel' has LevelScriptBlueprint '/Game/StarterContent/Maps/Minimal_Default.Minimal_Default:PersistentLevel.Minimal_Default' with GeneratedClass '/Game/StarterContent/Maps/Minimal_Default.Minimal_Default_C' with ClassGeneratedBy '/Game/StarterContent/Maps/Minimal_Default.Minimal_Default:PersistentLevel.Minimal_Default'
[2021.01.29-12.36.55:585][410]LogSlate: Updating window title bar state: overlay mode, drag disabled, window buttons hidden, title bar hidden
[2021.01.29-12.36.55:585][410]LogWorld: BeginTearingDown for /Game/StarterContent/Maps/UEDPIE_0_Minimal_Default
[2021.01.29-12.36.55:585][410]LogWorld: UWorld::CleanupWorld for Minimal_Default, bSessionEnded=true, bCleanupResources=true
[2021.01.29-12.36.55:610][410]LogPlayLevel: Display: Shutting down PIE online subsystems
[2021.01.29-12.36.55:610][410]LogBlueprintUserMessages: Late EndPlayMap Detection: Level '/Game/StarterContent/Maps/Minimal_Default.Minimal_Default:PersistentLevel' has LevelScriptBlueprint '/Game/StarterContent/Maps/Minimal_Default.Minimal_Default:PersistentLevel.Minimal_Default' with GeneratedClass '/Game/StarterContent/Maps/Minimal_Default.Minimal_Default_C' with ClassGeneratedBy '/Game/StarterContent/Maps/Minimal_Default.Minimal_Default:PersistentLevel.Minimal_Default'
[2021.01.29-12.36.55:652][410]LogSlate: Updating window title bar state: overlay mode, drag disabled, window buttons hidden, title bar hidden
[2021.01.29-12.36.55:657][410]LogUObjectHash: Compacting FUObjectHashTables data took   1.78ms
[2021.01.29-12.36.55:718][412]LogPlayLevel: Display: Destroying online subsystem :Context_3
[2021.01.29-12.37.15:977][999]LogSlate: FSceneViewport::OnFocusLost() reason 0
[2021.01.29-12.37.22:274][567]Cmd: DELETE
[2021.01.29-12.37.22:274][567]Cmd: ACTOR DELETE
[2021.01.29-12.37.22:283][567]LogEditorActor: Deleted Actor: Character
[2021.01.29-12.37.22:320][567]LogUObjectHash: Compacting FUObjectHashTables data took   1.74ms
[2021.01.29-12.37.22:320][567]LogEditorActor: Deleted 1 Actors (0.042 secs)
[2021.01.29-12.37.25:146][853]LogSlate: FSceneViewport::OnFocusLost() reason 0
[2021.01.29-12.37.31:182][537]LogEditorSessionSummary: EditorSessionSummary sent report. Type=Shutdown, SessionId={26570C6F-4797-7DC5-B739-DEB35DE35D67}
[2021.01.29-12.37.39:550][526]LogSlate: FSceneViewport::OnFocusLost() reason 2
[2021.01.29-12.37.39:995][574]LogSlate: Took 0.008684 seconds to synchronously load lazily loaded font '../../../Engine/Content/Slate/Fonts/Roboto-Light.ttf' (167K)
[2021.01.29-12.37.43:019][889]MapCheck: New page: Map Check
[2021.01.29-12.37.43:037][889]LightingResults: New page: Lighting Build - Jan 29, 2021, 4:37:43 PM
[2021.01.29-12.37.43:094][889]LogSwarmInterface: [OpenConnection] Registering TCP channel ...
[2021.01.29-12.37.43:162][889]LogSwarmInterface: [OpenConnection] Connecting to agent ...
[2021.01.29-12.37.43:178][889]LogSwarmInterface: [TryOpenConnection] Testing the Agent
[2021.01.29-12.37.43:699][889]LogSwarmInterface: [TryOpenConnection] Opening Connection to Agent
[2021.01.29-12.37.43:699][889]LogSwarmInterface: [TryOpenConnection] Local Process ID is 25532
[2021.01.29-12.37.50:424][889]LogStaticLightingSystem: Warning: No importance volume found, so the scene bounding box was used.  You can optimize your scene's quality and lighting build times by adding importance volumes.
[2021.01.29-12.37.50:425][889]LogStaticLightingSystem: Running Lightmass w/ ImmediateImport mode ENABLED
[2021.01.29-12.37.50:425][889]LogStaticLightingSystem: Running Lightmass w/ ImmediateProcess mode ENABLED
[2021.01.29-12.37.50:425][889]LogStaticLightingSystem: Running Lightmass w/ Sorting mode ENABLED
[2021.01.29-12.37.50:425][889]LogStaticLightingSystem: Running Lightmass w/ Mapping paddings ENABLED
[2021.01.29-12.37.50:425][889]LogStaticLightingSystem: Running Lightmass w/ Mapping debug paddings DISABLED
[2021.01.29-12.37.50:719][889]LogEditorBuildUtils: Build time 0:07
[2021.01.29-12.37.50:733][889]LogMaterial: Display: Missing cached shader map for material FLightmassMaterialRenderer M_Metal_Brushed_Nickel, compiling. 
[2021.01.29-12.37.50:753][889]LogShaderCompilers: Display: Worker (1/9): shaders left to compile 2
[2021.01.29-12.37.50:753][889]LogShaderCompilers: Display: Worker (2/9): shaders left to compile 1
[2021.01.29-12.37.50:753][889]LogMaterial: Display: Missing cached shader map for material FLightmassMaterialRenderer M_Metal_Brushed_Nickel, compiling. 
[2021.01.29-12.37.50:777][890]LogMaterial: Display: Missing cached shader map for material FLightmassMaterialRenderer M_TableRound, compiling. 
[2021.01.29-12.37.50:789][890]LogShaderCompilers: Display: Worker (3/9): shaders left to compile 2
[2021.01.29-12.37.50:790][890]LogShaderCompilers: Display: Worker (4/9): shaders left to compile 1
[2021.01.29-12.37.50:790][890]LogMaterial: Display: Missing cached shader map for material FLightmassMaterialRenderer M_TableRound, compiling. 
[2021.01.29-12.37.50:818][891]LogShaderCompilers: Display: Worker (5/9): shaders left to compile 4
[2021.01.29-12.37.50:818][891]LogShaderCompilers: Display: Worker (6/9): shaders left to compile 3
[2021.01.29-12.37.50:818][891]LogShaderCompilers: Display: Worker (7/9): shaders left to compile 2
[2021.01.29-12.37.50:818][891]LogShaderCompilers: Display: Worker (8/9): shaders left to compile 1
[2021.01.29-12.37.50:818][891]LogMaterial: Display: Missing cached shader map for material FLightmassMaterialRenderer M_Chair, compiling. 
[2021.01.29-12.37.50:830][891]LogMaterial: Display: Missing cached shader map for material FLightmassMaterialRenderer M_Chair, compiling. 
[2021.01.29-12.37.50:856][892]LogMaterial: Display: Missing cached shader map for material FLightmassMaterialRenderer M_Metal_Copper, compiling. 
[2021.01.29-12.37.50:869][892]LogMaterial: Display: Missing cached shader map for material FLightmassMaterialRenderer M_Metal_Copper, compiling. 
[2021.01.29-12.37.50:904][893]LogMaterial: Display: Missing cached shader map for material FLightmassMaterialRenderer M_StatueGlass, compiling. 
[2021.01.29-12.37.50:915][893]LogMaterial: Display: Missing cached shader map for material FLightmassMaterialRenderer M_StatueGlass, compiling. 
[2021.01.29-12.37.50:950][894]LogMaterial: Display: Missing cached shader map for material FLightmassMaterialRenderer M_Metal_Burnished_Steel, compiling. 
[2021.01.29-12.37.50:965][894]LogMaterial: Display: Missing cached shader map for material FLightmassMaterialRenderer M_Metal_Burnished_Steel, compiling. 
[2021.01.29-12.37.51:000][895]LogMaterial: Display: Missing cached shader map for material FLightmassMaterialRenderer MaterialInstanceDynamic_0, compiling. 
[2021.01.29-12.37.51:015][895]LogMaterial: Display: Missing cached shader map for material FLightmassMaterialRenderer MaterialInstanceDynamic_0, compiling. 
[2021.01.29-12.37.52:888][896]LogShaderCompilers: Display: Worker (1/9): shaders left to compile 20
[2021.01.29-12.37.52:888][896]LogShaderCompilers: Display: Worker (2/9): shaders left to compile 17
[2021.01.29-12.37.52:888][896]LogShaderCompilers: Display: Worker (6/9): shaders left to compile 14
[2021.01.29-12.37.52:888][896]LogShaderCompilers: Display: Worker (3/9): shaders left to compile 11
[2021.01.29-12.37.52:888][896]LogShaderCompilers: Display: Worker (4/9): shaders left to compile 9
[2021.01.29-12.37.52:888][896]LogShaderCompilers: Display: Worker (5/9): shaders left to compile 7
[2021.01.29-12.37.52:888][896]LogShaderCompilers: Display: Worker (8/9): shaders left to compile 5
[2021.01.29-12.37.52:888][896]LogShaderCompilers: Display: Worker (7/9): shaders left to compile 3
[2021.01.29-12.37.52:888][896]LogShaderCompilers: Display: Worker (7/9): shaders left to compile 2
[2021.01.29-12.37.52:888][896]LogShaderCompilers: Display: Worker (3/9): shaders left to compile 1
[2021.01.29-12.37.53:559][909]LogUObjectHash: Compacting FUObjectHashTables data took   1.76ms
[2021.01.29-12.37.55:312][914]Job is a success!
[2021.01.29-12.37.55:694][915]LogVolumetricLightmapImport: Imported Volumetric Lightmap in 0.013s
[2021.01.29-12.37.55:694][915]LogVolumetricLightmapImport:      Indirection Texture 16x16x16 = 0.0Mb
[2021.01.29-12.37.55:694][915]LogVolumetricLightmapImport:      BrickData 30x5x5 = 0.0Mb
[2021.01.29-12.37.55:694][915]LogVolumetricLightmapImport:      Bricks at Level
[2021.01.29-12.37.55:694][915]LogVolumetricLightmapImport:          0: 16.7% covering 100.0% of volume
[2021.01.29-12.37.55:694][915]LogVolumetricLightmapImport:          1: 16.7% covering 1.6% of volume
[2021.01.29-12.37.55:694][915]LogVolumetricLightmapImport:          2: 66.7% covering 0.1% of volume
[2021.01.29-12.37.55:839][915]LogTexture: Display: Building textures: SkyOcclusion0_1 (AutoDXT, 512X256)
[2021.01.29-12.37.55:839][915]LogTexture: Display: Building textures: HQ_Lightmap0_1 (AutoDXT, 512X512)
[2021.01.29-12.37.55:839][915]LogTexture: Display: Building textures: LQ_Lightmap_0_1 (DXT1, 512X512)
[2021.01.29-12.37.55:839][915]LogTexture: Display: Building textures: HQ_Lightmap0_2 (AutoDXT, 64X64)
[2021.01.29-12.37.55:839][915]LogTexture: Display: Building textures: LQ_Lightmap_0_2 (DXT1, 64X64)
[2021.01.29-12.37.55:839][915]LogTexture: Display: Building textures: SkyOcclusion0_2 (AutoDXT, 64X32)
[2021.01.29-12.37.55:839][915]LogTexture: Display: Building textures: ShadowMapTexture2D_1 (G8, 32X32)
[2021.01.29-12.37.55:839][915]LogTexture: Display: Building textures: ShadowMapTexture2D_0 (G8, 1024X128)
[2021.01.29-12.37.55:873][915]Lightmass on DESKTOP-D8AKS8E: 1.76 sec total, 176 ms importing, 33 ms setup, 140 ms photons, 1.36 sec processing, 0 ms extra exporting [7/7 mappings]. Threads: 15.0 sec total, 1.41 sec processing.
[2021.01.29-12.37.55:875][915]LogStaticLightingSystem: Minimal_Default_BuiltData storing lightmap data for 7 meshes in 2 LightmapResourceClusters (3.5 Meshes per cluster).
[2021.01.29-12.37.55:916][915]LogUObjectHash: Compacting FUObjectHashTables data took   2.26ms
[2021.01.29-12.37.55:921][915]LogStaticLightingSystem: Illumination: 12.5 sec (86 ms encoding lightmaps, 34 ms encoding shadowmaps)
[2021.01.29-12.37.55:921][915]LogStaticLightingSystem: Lightmap texture memory:  0.7 MB (0.7 MB streaming, 0.0 MB non-streaming), 4 textures
[2021.01.29-12.37.55:921][915]LogStaticLightingSystem: Shadowmap texture memory: 0.2 MB (0.2 MB streaming, 0.0 MB non-streaming), 2 textures
[2021.01.29-12.37.56:437][915]DumpUnbuiltLightIteractions
[2021.01.29-12.37.56:437][915]Lights with unbuilt interactions: 0
[2021.01.29-12.37.56:437][915]
[2021.01.29-12.37.56:437][915]Primitives with unbuilt interactions: 0
[2021.01.29-12.37.56:530][916]Cmd: MAP CHECK NOTIFYRESULTS
[2021.01.29-12.37.56:530][916]MapCheck: New page: Minimal_Default - Jan 29, 2021, 4:37:56 PM
[2021.01.29-12.37.56:533][916]MapCheck: Map check complete: 0 Error(s), 0 Warning(s), took 2.347ms to complete.
[2021.01.29-12.38.50:153][987]LogFactory: FactoryCreateFile: PackFactory with PackFactory (0 0 C:/Program Files/Epic Games/UE_4.23/FeaturePacks/FP_FirstPersonBP.upack)
[2021.01.29-12.38.50:195][987]LogPackFactory: Finished extracting 8 files (including 0 errors).
[2021.01.29-12.38.50:207][987]LogPackFactory: Copied "../../../Templates/FP_FirstPersonBP/Content/FirstPersonBP/FirstPersonOverview.uasset" to "A:/LostAndFound/Lostfound/Content/FirstPersonBP/FirstPersonOverview.uasset"
[2021.01.29-12.38.50:219][987]LogPackFactory: Copied "../../../Templates/FP_FirstPersonBP/Content/FirstPersonBP/Blueprints/FirstPersonCharacter.uasset" to "A:/LostAndFound/Lostfound/Content/FirstPersonBP/Blueprints/FirstPersonCharacter.uasset"
[2021.01.29-12.38.50:231][987]LogPackFactory: Copied "../../../Templates/FP_FirstPersonBP/Content/FirstPersonBP/Blueprints/FirstPersonGameMode.uasset" to "A:/LostAndFound/Lostfound/Content/FirstPersonBP/Blueprints/FirstPersonGameMode.uasset"
[2021.01.29-12.38.50:243][987]LogPackFactory: Copied "../../../Templates/FP_FirstPersonBP/Content/FirstPersonBP/Blueprints/FirstPersonHUD.uasset" to "A:/LostAndFound/Lostfound/Content/FirstPersonBP/Blueprints/FirstPersonHUD.uasset"
[2021.01.29-12.38.50:270][987]LogPackFactory: Copied "../../../Templates/FP_FirstPersonBP/Content/FirstPersonBP/Maps/FirstPersonExampleMap.umap" to "A:/LostAndFound/Lostfound/Content/FirstPersonBP/Maps/FirstPersonExampleMap.umap"
[2021.01.29-12.38.50:295][987]Cmd: OBJ SAVEPACKAGE PACKAGE="/Game/FirstPersonBP/FirstPersonOverview" FILE="A:/LostAndFound/Lostfound/Content/FirstPersonBP/FirstPersonOverview.uasset" SILENT=true
[2021.01.29-12.38.50:322][987]LogSavePackage: Moving 'A:/LostAndFound/Lostfound/Saved/FirstPersonOverviewFCA1CCFA4B80C8F7D1E022A80D952BAB.tmp' to 'A:/LostAndFound/Lostfound/Content/FirstPersonBP/FirstPersonOverview.uasset'
[2021.01.29-12.38.55:498][604]LogSlate: Window 'Add Content to the Project' being destroyed
[2021.01.29-12.38.57:409][800]LogAIModule: Creating AISystem for world FirstPersonExampleMap
[2021.01.29-12.38.57:422][800]LogAssetEditorManager: Opening Asset editor for World /Game/FirstPersonBP/Maps/FirstPersonExampleMap.FirstPersonExampleMap
[2021.01.29-12.38.57:464][800]LogUObjectHash: Compacting FUObjectHashTables data took   2.53ms
[2021.01.29-12.38.59:977][800]LogSlate: Window 'Save Content' being destroyed
[2021.01.29-12.38.59:984][800]Cmd: OBJ SAVEPACKAGE PACKAGE="/Game/StarterContent/Maps/Minimal_Default" FILE="A:/LostAndFound/Lostfound/Content/StarterContent/Maps/Minimal_Default.umap" SILENT=true AUTOSAVING=false KEEPDIRTY=false
[2021.01.29-12.39.00:026][800]LogUObjectHash: Compacting FUObjectHashTables data took   0.83ms
[2021.01.29-12.39.00:192][800]LogSavePackage: Moving 'A:/LostAndFound/Lostfound/Saved/Minimal_Default062897B641A4F737C1C6289CD19F86A8.tmp' to 'A:/LostAndFound/Lostfound/Content/StarterContent/Maps/Minimal_Default.umap'
[2021.01.29-12.39.00:224][800]LogFileHelpers: Saving map 'Minimal_Default' took 0.240
[2021.01.29-12.39.00:224][800]Cmd: OBJ SAVEPACKAGE PACKAGE="/Game/StarterContent/Maps/Minimal_Default_BuiltData" FILE="A:/LostAndFound/Lostfound/Content/StarterContent/Maps/Minimal_Default_BuiltData.uasset" SILENT=true
[2021.01.29-12.39.00:264][800]LogSavePackage: Moving 'A:/LostAndFound/Lostfound/Saved/Minimal_Default_BuiltData9B1208CF4E738A5E13E84DA9D85143CF.tmp' to 'A:/LostAndFound/Lostfound/Content/StarterContent/Maps/Minimal_Default_BuiltData.uasset'
[2021.01.29-12.39.00:268][800]Cmd: MAP LOAD FILE="A:/LostAndFound/Lostfound/Content/FirstPersonBP/Maps/FirstPersonExampleMap.umap" TEMPLATE=0 SHOWPROGRESS=1 FEATURELEVEL=3
[2021.01.29-12.39.00:268][800]LightingResults: New page: Lighting Build
[2021.01.29-12.39.00:268][800]LoadErrors: New page: Loading map: FirstPersonExampleMap.umap
[2021.01.29-12.39.00:268][800]LogWorld: UWorld::CleanupWorld for Minimal_Default, bSessionEnded=true, bCleanupResources=true
[2021.01.29-12.39.00:269][800]MapCheck: New page: Map Check
[2021.01.29-12.39.00:269][800]LightingResults: New page: Lighting Build
[2021.01.29-12.39.00:307][800]LogUObjectHash: Compacting FUObjectHashTables data took   2.01ms
[2021.01.29-12.39.00:315][800]LogEditorServer: Finished looking for orphan Actors (0.000 secs)
[2021.01.29-12.39.00:355][800]LogUObjectHash: Compacting FUObjectHashTables data took   1.78ms
[2021.01.29-12.39.00:380][800]Cmd: MAP CHECKDEP NOCLEARLOG
[2021.01.29-12.39.00:381][800]MapCheck: Map check complete: 0 Error(s), 0 Warning(s), took 0.116ms to complete.
[2021.01.29-12.39.00:381][800]LogFileHelpers: Loading map 'FirstPersonExampleMap' took 0.115
[2021.01.29-12.39.00:422][800]LogAIModule: Creating AISystem for world Minimal_Default
[2021.01.29-12.39.01:838][958]LogTemp: Repeating last play command: Selected Viewport
[2021.01.29-12.39.01:852][958]LogBlueprintUserMessages: Early PlayInEditor Detection: Level '/Game/FirstPersonBP/Maps/FirstPersonExampleMap.FirstPersonExampleMap:PersistentLevel' has LevelScriptBlueprint '/Game/FirstPersonBP/Maps/FirstPersonExampleMap.FirstPersonExampleMap:PersistentLevel.FirstPersonExampleMap' with GeneratedClass '/Game/FirstPersonBP/Maps/FirstPersonExampleMap.FirstPersonExampleMap_C' with ClassGeneratedBy '/Game/FirstPersonBP/Maps/FirstPersonExampleMap.FirstPersonExampleMap:PersistentLevel.FirstPersonExampleMap'
[2021.01.29-12.39.01:852][958]LogPlayLevel: PlayLevel: No blueprints needed recompiling
[2021.01.29-12.39.01:852][958]PIE: New page: PIE session: FirstPersonExampleMap (Jan 29, 2021, 4:39:01 PM)
[2021.01.29-12.39.01:852][958]LogPlayLevel: Creating play world package: /Game/FirstPersonBP/Maps/UEDPIE_0_FirstPersonExampleMap
[2021.01.29-12.39.01:868][958]LogPlayLevel: PIE: StaticDuplicateObject took: (0.015034s)
[2021.01.29-12.39.01:868][958]LogAIModule: Creating AISystem for world FirstPersonExampleMap
[2021.01.29-12.39.01:869][958]LogPlayLevel: PIE: World Init took: (0.001016s)
[2021.01.29-12.39.01:869][958]LogPlayLevel: PIE: Created PIE world by copying editor world from /Game/FirstPersonBP/Maps/FirstPersonExampleMap.FirstPersonExampleMap to /Game/FirstPersonBP/Maps/UEDPIE_0_FirstPersonExampleMap.FirstPersonExampleMap (0.016319s)
[2021.01.29-12.39.01:906][958]LogUObjectHash: Compacting FUObjectHashTables data took   2.00ms
[2021.01.29-12.39.01:927][958]LogInit: XAudio2 using 'AG273QS4R4 (NVIDIA High Definition Audio)' : 2 channels at 48 kHz using 16 bits per sample (channel mask 0x3)
[2021.01.29-12.39.01:937][958]LogInit: FAudioDevice initialized.
[2021.01.29-12.39.01:943][958]LogLoad: Game class is 'GameModeBase'
[2021.01.29-12.39.01:945][958]LogWorld: Bringing World /Game/FirstPersonBP/Maps/UEDPIE_0_FirstPersonExampleMap.FirstPersonExampleMap up for play (max tick rate 0) at 2021.01.29-14.39.01
[2021.01.29-12.39.01:945][958]LogWorld: Bringing up level for play took: 0.001655
[2021.01.29-12.39.01:945][958]LogOnline: OSS: Creating online subsystem instance for: :Context_4
[2021.01.29-12.39.01:949][958]PIE: Play in editor start time for /Game/FirstPersonBP/Maps/UEDPIE_0_FirstPersonExampleMap 0.708
[2021.01.29-12.39.01:949][958]LogBlueprintUserMessages: Late PlayInEditor Detection: Level '/Game/FirstPersonBP/Maps/FirstPersonExampleMap.FirstPersonExampleMap:PersistentLevel' has LevelScriptBlueprint '/Game/FirstPersonBP/Maps/FirstPersonExampleMap.FirstPersonExampleMap:PersistentLevel.FirstPersonExampleMap' with GeneratedClass '/Game/FirstPersonBP/Maps/FirstPersonExampleMap.FirstPersonExampleMap_C' with ClassGeneratedBy '/Game/FirstPersonBP/Maps/FirstPersonExampleMap.FirstPersonExampleMap:PersistentLevel.FirstPersonExampleMap'
[2021.01.29-12.39.41:511][699]LogBlueprintUserMessages: Early EndPlayMap Detection: Level '/Game/FirstPersonBP/Maps/FirstPersonExampleMap.FirstPersonExampleMap:PersistentLevel' has LevelScriptBlueprint '/Game/FirstPersonBP/Maps/FirstPersonExampleMap.FirstPersonExampleMap:PersistentLevel.FirstPersonExampleMap' with GeneratedClass '/Game/FirstPersonBP/Maps/FirstPersonExampleMap.FirstPersonExampleMap_C' with ClassGeneratedBy '/Game/FirstPersonBP/Maps/FirstPersonExampleMap.FirstPersonExampleMap:PersistentLevel.FirstPersonExampleMap'
[2021.01.29-12.39.41:512][699]LogSlate: Updating window title bar state: overlay mode, drag disabled, window buttons hidden, title bar hidden
[2021.01.29-12.39.41:512][699]LogWorld: BeginTearingDown for /Game/FirstPersonBP/Maps/UEDPIE_0_FirstPersonExampleMap
[2021.01.29-12.39.41:512][699]LogWorld: UWorld::CleanupWorld for FirstPersonExampleMap, bSessionEnded=true, bCleanupResources=true
[2021.01.29-12.39.41:519][699]LogPlayLevel: Display: Shutting down PIE online subsystems
[2021.01.29-12.39.41:520][699]LogBlueprintUserMessages: Late EndPlayMap Detection: Level '/Game/FirstPersonBP/Maps/FirstPersonExampleMap.FirstPersonExampleMap:PersistentLevel' has LevelScriptBlueprint '/Game/FirstPersonBP/Maps/FirstPersonExampleMap.FirstPersonExampleMap:PersistentLevel.FirstPersonExampleMap' with GeneratedClass '/Game/FirstPersonBP/Maps/FirstPersonExampleMap.FirstPersonExampleMap_C' with ClassGeneratedBy '/Game/FirstPersonBP/Maps/FirstPersonExampleMap.FirstPersonExampleMap:PersistentLevel.FirstPersonExampleMap'
[2021.01.29-12.39.41:563][699]LogSlate: Updating window title bar state: overlay mode, drag disabled, window buttons hidden, title bar hidden
[2021.01.29-12.39.41:566][699]LogUObjectHash: Compacting FUObjectHashTables data took   1.87ms
[2021.01.29-12.39.41:613][701]LogPlayLevel: Display: Destroying online subsystem :Context_4
[2021.01.29-12.39.42:355][790]LogSlate: FSceneViewport::OnFocusLost() reason 0
